<?xml version="1.0" encoding="UTF-8"?>
<!-- Generated by org.testng.reporters.JUnitReportReporter -->
<testsuite hostname="DESKTOP-POP5FHO" failures="0" tests="1" name="TestCases.TC01_LoginTest" time="6.144" errors="0" timestamp="2024-11-23T16:42:40 IST" skipped="0">
  <testcase classname="TestCases.TC01_LoginTest" name="login" time="6.144"/>
</testsuite> <!-- TestCases.TC01_LoginTest -->
