<?xml version="1.0" encoding="UTF-8"?>
<!-- Generated by org.testng.reporters.JUnitReportReporter -->
<testsuite hostname="DESKTOP-POP5FHO" failures="0" tests="1" name="TestCases.TC02_SignUP" time="4.583" errors="0" timestamp="2024-11-23T16:42:40 IST" skipped="0">
  <testcase classname="TestCases.TC02_SignUP" name="signup" time="4.583"/>
</testsuite> <!-- TestCases.TC02_SignUP -->
