<?xml version="1.0" encoding="UTF-8"?>
<!-- Generated by org.testng.reporters.JUnitReportReporter -->
<testsuite hostname="DESKTOP-POP5FHO" failures="0" tests="1" name="TestCases.TC04_footer" time="12.903" errors="0" timestamp="2024-11-23T16:42:40 IST" skipped="0">
  <testcase classname="TestCases.TC04_footer" name="footerscroller" time="12.903"/>
</testsuite> <!-- TestCases.TC04_footer -->
